[19:07:42] [main/INFO]: Using mbed TLS based native cipher.
[19:07:42] [main/INFO]: Using zlib based native compressor.
[19:07:42] [main/INFO]: Enabled Waterfall version git:Waterfall-Bootstrap:1.21-R0.1-SNAPSHOT:de8345a:579
[19:07:42] [main/WARN]: Waterfall has reached end of life and is no longer maintained. We recommend you transition to Velocity (https://papermc.io/software/velocity). For more information, see the announcement (https://forums.papermc.io/threads/1088/).
[19:07:42] [main/INFO]: Not on Windows, attempting to use enhanced EpollEventLoop
[19:07:42] [main/INFO]: Epoll is working, utilising it!
[19:07:42] [main/INFO]: Discovered module: ModuleSpec(name=cmd_alert, file=modules/cmd_alert.jar, provider=JenkinsModuleSource())
[19:07:42] [main/INFO]: Discovered module: ModuleSpec(name=cmd_find, file=modules/cmd_find.jar, provider=JenkinsModuleSource())
[19:07:42] [main/INFO]: Discovered module: ModuleSpec(name=cmd_list, file=modules/cmd_list.jar, provider=JenkinsModuleSource())
[19:07:42] [main/INFO]: Discovered module: ModuleSpec(name=cmd_send, file=modules/cmd_send.jar, provider=JenkinsModuleSource())
[19:07:42] [main/INFO]: Discovered module: ModuleSpec(name=cmd_server, file=modules/cmd_server.jar, provider=JenkinsModuleSource())
[19:07:42] [main/INFO]: Discovered module: ModuleSpec(name=reconnect_yaml, file=modules/reconnect_yaml.jar, provider=JenkinsModuleSource())
[19:07:42] [main/INFO]: Loaded plugin reconnect_yaml version git:reconnect_yaml:1.21-R0.1-SNAPSHOT:de8345a:579 by WaterfallMC
[19:07:42] [main/INFO]: Loaded plugin cmd_find version git:cmd_find:1.21-R0.1-SNAPSHOT:de8345a:579 by WaterfallMC
[19:07:42] [main/INFO]: Loaded plugin cmd_server version git:cmd_server:1.21-R0.1-SNAPSHOT:de8345a:579 by WaterfallMC
[19:07:42] [main/INFO]: Loaded plugin cmd_alert version git:cmd_alert:1.21-R0.1-SNAPSHOT:de8345a:579 by WaterfallMC
[19:07:42] [main/INFO]: Loaded plugin cmd_send version git:cmd_send:1.21-R0.1-SNAPSHOT:de8345a:579 by WaterfallMC
[19:07:42] [main/INFO]: Loaded plugin cmd_list version git:cmd_list:1.21-R0.1-SNAPSHOT:de8345a:579 by WaterfallMC
[19:07:42] [main/WARN]: :>:>:>:>:>:>:>:>:>:>:>:>:>:>:>:>:>:>:>:>:>:>:>
[19:07:42] [main/WARN]: :>  
[19:07:42] [main/WARN]: :>      EAGLERCRAFTXBUNGEE WARNING:
[19:07:42] [main/WARN]: :>  
[19:07:42] [main/WARN]: :>  This plugin wasn't tested to be 'working'
[19:07:42] [main/WARN]: :>  with ANY version of BungeeCord (and forks)
[19:07:42] [main/WARN]: :>  apart from the versions listed below:
[19:07:42] [main/WARN]: :>  
[19:07:42] [main/WARN]: :>  - BungeeCord: 1.21-R0.1-SNAPSHOT:acb85e3:1871
[19:07:42] [main/WARN]: :>  - Waterfall: 1.21-R0.1-SNAPSHOT:de8345a:579
[19:07:42] [main/WARN]: :>  
[19:07:42] [main/WARN]: :>  This is not a Bukkit/Spigot plugin!
[19:07:42] [main/WARN]: :>  
[19:07:42] [main/WARN]: :>  Use "-Deaglerxbungee.stfu=true" to hide
[19:07:42] [main/WARN]: :>  
[19:07:42] [main/WARN]: :>:>:>:>:>:>:>:>:>:>:>:>:>:>:>:>:>:>:>:>:>:>:>
[19:07:42] [main/INFO] [EaglercraftXBungee]: Loading vanilla profile: lax1dude
[19:07:44] [Skin Download Thread #1/INFO] [EaglercraftXBungee]: Loaded vanilla profile: lax1dude
[19:07:44] [main/INFO]: Loaded plugin EaglercraftXBungee version 1.3.1 by lax1dude
[19:07:44] [main/WARN]: Forced host server pvp is not defined
[19:07:44] [main/INFO]: Enabled plugin reconnect_yaml version git:reconnect_yaml:1.21-R0.1-SNAPSHOT:de8345a:579 by WaterfallMC
[19:07:44] [main/INFO]: Enabled plugin cmd_find version git:cmd_find:1.21-R0.1-SNAPSHOT:de8345a:579 by WaterfallMC
[19:07:44] [main/INFO]: Enabled plugin cmd_server version git:cmd_server:1.21-R0.1-SNAPSHOT:de8345a:579 by WaterfallMC
[19:07:44] [main/INFO]: Enabled plugin cmd_alert version git:cmd_alert:1.21-R0.1-SNAPSHOT:de8345a:579 by WaterfallMC
[19:07:44] [main/INFO]: Enabled plugin cmd_send version git:cmd_send:1.21-R0.1-SNAPSHOT:de8345a:579 by WaterfallMC
[19:07:44] [main/INFO]: Enabled plugin cmd_list version git:cmd_list:1.21-R0.1-SNAPSHOT:de8345a:579 by WaterfallMC
[19:07:44] [main/ERROR] [EaglercraftXBungee]: Online mode is set to false! Authentication system has been disabled
[19:07:44] [Netty Boss IO Thread #0/INFO] [EaglercraftXBungee]: Eaglercraft is listening on: /0.0.0.0:8081
[19:07:44] [main/INFO] [EaglercraftXBungee]: Connected to database: jdbc:sqlite:eaglercraft_skins_cache.db
[19:07:44] [main/INFO] [EaglercraftXBungee]: Voice chat disabled, add "allow_voice: true" to your listeners to enable
[19:07:44] [main/INFO]: Enabled plugin EaglercraftXBungee version 1.3.1 by lax1dude
[19:07:44] [EaglerXBungee: Update Service Tasks/INFO] [EaglercraftXBungee]: Loaded certificate: /workspaces/server-test/bungee/plugins/EaglercraftXBungee/eagcert/$dl.ba375b9add3c01ca11899be958188189a3885a59.cert
[19:07:44] [Netty Boss IO Thread #1/INFO]: Listening on /127.0.0.1:25577
[19:07:53] [Netty Worker IO Thread #0/INFO] [EaglercraftXBungee]: [/[0:0:0:0:0:0:0:1%0]:52404]: Connected via websocket
[19:07:53] [Netty Worker IO Thread #0/INFO] [EaglercraftXBungee]: [/[0:0:0:0:0:0:0:1%0]:52404]: Origin header is https://eaglercraft.com
[19:07:53] [Netty Worker IO Thread #0/INFO] [EaglercraftXBungee]: [/[0:0:0:0:0:0:0:1%0]:52404]: Logged in as 'Ace1Ace4767'
[19:07:53] [Netty Worker IO Thread #0/INFO]: [/[0:0:0:0:0:0:0:1%0]:52404|Ace1Ace4767] -> UpstreamBridge has connected
[19:07:53] [Netty Worker IO Thread #0/INFO]: [Ace1Ace4767|/[0:0:0:0:0:0:0:1%0]:52404] <-> ServerConnector [lobby] has connected
[19:13:06] [Netty Worker IO Thread #0/INFO]: [/[0:0:0:0:0:0:0:1%0]:52404|Ace1Ace4767] -> UpstreamBridge has disconnected
[19:13:06] [Netty Worker IO Thread #0/INFO]: [Ace1Ace4767] disconnected with: Proxy lost connection to server.
[19:13:06] [Netty Worker IO Thread #0/INFO]: [/[0:0:0:0:0:0:0:1%0]:52404|Ace1Ace4767] <-> DownstreamBridge <-> [lobby] has disconnected
[19:13:14] [Shutdown Thread/INFO]: Closing listener [id: 0x206d2d9b, L:/127.0.0.1:25577]
[19:13:14] [Shutdown Thread/INFO]: Closing pending connections
[19:13:14] [Shutdown Thread/INFO]: Disconnecting 0 connections
[19:13:14] [Shutdown Thread/INFO]: Disabling plugins
[19:13:14] [Shutdown Thread/INFO] [EaglercraftXBungee]: Eaglercraft listener closed: /0.0.0.0:8081
[19:13:14] [Shutdown Thread/INFO] [EaglercraftXBungee]: Successfully disconnected from database 'jdbc:sqlite:eaglercraft_skins_cache.db'
[19:13:14] [Shutdown Thread/INFO] [EaglercraftXBungee]: Stopping skin cache HTTP client...
[19:13:16] [Shutdown Thread/INFO]: Closing IO threads
[19:13:18] [Shutdown Thread/INFO]: Thank you and goodbye
